The request analysis.setContextRoots failed with the following error:
RequestErrorCode.PLUGIN_ERROR
UnimplementedError
at:
#0      SocketCustomLintServerToClientChannel.setContextRoots (package:custom_lint/src/v2/server_to_client_channel.dart:157:5)
#1      CustomLintServer._maybeSpawnCustomLintPlugin (package:custom_lint/src/v2/custom_lint_analyzer_plugin.dart:340:35)
#2      CustomLintServer._handleAnalysisSetContextRoots.<anonymous closure> (package:custom_lint/src/v2/custom_lint_analyzer_plugin.dart:328:15)
#3      PendingOperation.run (package:custom_lint/src/async_operation.dart:18:22)
#4      CustomLintServer._handleAnalysisSetContextRoots (package:custom_lint/src/v2/custom_lint_analyzer_plugin.dart:325:15)
#5      RequestX.when (package:custom_lint/src/request_extension.dart:136:47)
#6      CustomLintServer._handleRequest (package:custom_lint/src/v2/custom_lint_analyzer_plugin.dart:160:36)
#7      _rootRunUnary (dart:async/zone.dart:1407:47)
#8      _CustomZone.runUnary (dart:async/zone.dart:1308:19)
#9      _CustomZone.runUnaryGuarded (dart:async/zone.dart:1217:7)
#10     _BufferingStreamSubscription._sendData (dart:async/stream_impl.dart:339:11)
#11     _BufferingStreamSubscription._add (dart:async/stream_impl.dart:271:7)
#12     _ForwardingStreamSubscription._add (dart:async/stream_pipe.dart:123:11)
#13     _MapStream._handleData (dart:async/stream_pipe.dart:218:10)
#14     _rootRunUnary (dart:async/zone.dart:1407:47)
#15     _CustomZone.runUnary (dart:async/zone.dart:1308:19)
#16     _CustomZone.runUnaryGuarded (dart:async/zone.dart:1217:7)
#17     _BufferingStreamSubscription._sendData (dart:async/stream_impl.dart:339:11)
#18     _BufferingStreamSubscription._add (dart:async/stream_impl.dart:271:7)
#19     _ForwardingStreamSubscription._add (dart:async/stream_pipe.dart:123:11)
#20     _MapStream._handleData (dart:async/stream_pipe.dart:218:10)
#21     _rootRunUnary (dart:async/zone.dart:1407:47)
#22     _CustomZone.runUnary (dart:async/zone.dart:1308:19)
#23     _CustomZone.runUnaryGuarded (dart:async/zone.dart:1217:7)
#24     _BufferingStreamSubscription._sendData (dart:async/stream_impl.dart:339:11)
#25     _BufferingStreamSubscription._add (dart:async/stream_impl.dart:271:7)
#26     _SyncBroadcastStreamController._sendData (dart:async/broadcast_stream_controller.dart:377:25)
#27     _BroadcastStreamController.add (dart:async/broadcast_stream_controller.dart:244:5)
#28     _AsBroadcastStreamController.add (dart:async/broadcast_stream_controller.dart:474:11)
#29     _rootRunUnary (dart:async/zone.dart:1415:13)
#30     _CustomZone.runUnary (dart:async/zone.dart:1308:19)
#31     _CustomZone.runUnaryGuarded (dart:async/zone.dart:1217:7)
#32     _BufferingStreamSubscription._sendData (dart:async/stream_impl.dart:339:11)
#33     _BufferingStreamSubscription._add (dart:async/stream_impl.dart:271:7)
#34     _SyncStreamControllerDispatch._sendData (dart:async/stream_controller.dart:784:19)
#35     _StreamController._add (dart:async/stream_controller.dart:658:7)
#36     _StreamController.add (dart:async/stream_controller.dart:606:5)
#37     _RawReceivePort._handleMessage (dart:isolate-patch/isolate_patch.dart:189:12)

